2021-11-13 15:16:34.853  === [restartedMain] === INFO  === com.nnk.springboot.Application ===  Starting Application on limes-macbook-pro.home with PID 61996 (/Users/lime/IdeaProjects/Openclassrooms/Poseidon/target/classes started by lime in /Users/lime/IdeaProjects/Openclassrooms/Poseidon)
2021-11-13 15:16:34.855  === [restartedMain] === DEBUG === com.nnk.springboot.Application ===  Running with Spring Boot v2.1.5.RELEASE, Spring v5.1.7.RELEASE
2021-11-13 15:16:34.857  === [restartedMain] === INFO  === com.nnk.springboot.Application ===  No active profile set, falling back to default profiles: default
2021-11-13 15:16:34.920  === [restartedMain] === INFO  === o.s.b.d.env.DevToolsPropertyDefaultsPostProcessor ===  Devtools property defaults active! Set 'spring.devtools.add-properties' to 'false' to disable
2021-11-13 15:16:34.921  === [restartedMain] === INFO  === o.s.b.d.env.DevToolsPropertyDefaultsPostProcessor ===  For additional web related logging consider setting the 'logging.level.web' property to 'DEBUG'
2021-11-13 15:16:35.882  === [restartedMain] === INFO  === o.s.d.r.config.RepositoryConfigurationDelegate ===  Bootstrapping Spring Data repositories in DEFAULT mode.
2021-11-13 15:16:36.036  === [restartedMain] === INFO  === o.s.d.r.config.RepositoryConfigurationDelegate ===  Finished Spring Data repository scanning in 150ms. Found 6 repository interfaces.
2021-11-13 15:16:36.466  === [restartedMain] === INFO  === o.s.c.s.PostProcessorRegistrationDelegate$BeanPostProcessorChecker ===  Bean 'org.springframework.transaction.annotation.ProxyTransactionManagementConfiguration' of type [org.springframework.transaction.annotation.ProxyTransactionManagementConfiguration$$EnhancerBySpringCGLIB$$921dfc9c] is not eligible for getting processed by all BeanPostProcessors (for example: not eligible for auto-proxying)
2021-11-13 15:16:36.833  === [restartedMain] === INFO  === o.s.boot.web.embedded.tomcat.TomcatWebServer ===  Tomcat initialized with port(s): 8080 (http)
2021-11-13 15:16:36.861  === [restartedMain] === INFO  === org.apache.catalina.core.StandardService ===  Starting service [Tomcat]
2021-11-13 15:16:36.861  === [restartedMain] === INFO  === org.apache.catalina.core.StandardEngine ===  Starting Servlet engine: [Apache Tomcat/9.0.19]
2021-11-13 15:16:36.933  === [restartedMain] === INFO  === o.a.c.core.ContainerBase.[Tomcat].[localhost].[/] ===  Initializing Spring embedded WebApplicationContext
2021-11-13 15:16:36.933  === [restartedMain] === INFO  === org.springframework.web.context.ContextLoader ===  Root WebApplicationContext: initialization completed in 2012 ms
2021-11-13 15:16:37.272  === [restartedMain] === INFO  === com.zaxxer.hikari.HikariDataSource ===  HikariPool-1 - Starting...
2021-11-13 15:16:37.356  === [restartedMain] === INFO  === com.zaxxer.hikari.HikariDataSource ===  HikariPool-1 - Start completed.
2021-11-13 15:16:37.897  === [restartedMain] === INFO  === o.s.orm.jpa.LocalContainerEntityManagerFactoryBean ===  Initialized JPA EntityManagerFactory for persistence unit 'default'
2021-11-13 15:16:37.949  === [restartedMain] === INFO  === o.s.b.d.autoconfigure.OptionalLiveReloadServer ===  LiveReload server is running on port 35729
2021-11-13 15:16:38.352  === [restartedMain] === INFO  === o.s.security.web.DefaultSecurityFilterChain ===  Creating filter chain: Ant [pattern='/css/**'], []
2021-11-13 15:16:38.366  === [restartedMain] === INFO  === o.s.security.web.DefaultSecurityFilterChain ===  Creating filter chain: any request, [org.springframework.security.web.context.request.async.WebAsyncManagerIntegrationFilter@667852f, org.springframework.security.web.context.SecurityContextPersistenceFilter@697cc52, org.springframework.security.web.header.HeaderWriterFilter@573890ea, org.springframework.security.web.authentication.logout.LogoutFilter@46223fe9, org.springframework.security.web.authentication.UsernamePasswordAuthenticationFilter@1ef45b30, org.springframework.security.web.savedrequest.RequestCacheAwareFilter@52c2b0a6, org.springframework.security.web.servletapi.SecurityContextHolderAwareRequestFilter@1728d5cf, org.springframework.security.web.authentication.AnonymousAuthenticationFilter@37a76f2b, org.springframework.security.web.session.SessionManagementFilter@3c03026c, org.springframework.security.web.access.ExceptionTranslationFilter@457f03eb, org.springframework.security.web.access.intercept.FilterSecurityInterceptor@727464c8]
2021-11-13 15:16:38.458  === [restartedMain] === INFO  === o.s.scheduling.concurrent.ThreadPoolTaskExecutor ===  Initializing ExecutorService 'applicationTaskExecutor'
2021-11-13 15:16:38.474  === [restartedMain] === WARN  === o.s.b.a.o.j.JpaBaseConfiguration$JpaWebConfiguration$JpaWebMvcConfiguration ===  spring.jpa.open-in-view is enabled by default. Therefore, database queries may be performed during view rendering. Explicitly configure spring.jpa.open-in-view to disable this warning
2021-11-13 15:16:38.688  === [restartedMain] === INFO  === o.s.boot.web.embedded.tomcat.TomcatWebServer ===  Tomcat started on port(s): 8080 (http) with context path ''
2021-11-13 15:16:38.693  === [restartedMain] === INFO  === com.nnk.springboot.Application ===  Started Application in 4.122 seconds (JVM running for 4.864)
2021-11-13 15:16:42.136  === [http-nio-8080-exec-1] === INFO  === o.a.c.core.ContainerBase.[Tomcat].[localhost].[/] ===  Initializing Spring DispatcherServlet 'dispatcherServlet'
2021-11-13 15:16:42.136  === [http-nio-8080-exec-1] === INFO  === org.springframework.web.servlet.DispatcherServlet ===  Initializing Servlet 'dispatcherServlet'
2021-11-13 15:16:42.142  === [http-nio-8080-exec-1] === INFO  === org.springframework.web.servlet.DispatcherServlet ===  Completed initialization in 6 ms
2021-11-13 15:17:06.539  === [http-nio-8080-exec-1] === INFO  === com.nnk.springboot.services.BidListServiceImpl ===  New BidList BidList(BidListId=162, account=account1, type=type1, bidQuantity=10.0) is created!
2021-11-13 15:17:37.611  === [http-nio-8080-exec-4] === INFO  === com.nnk.springboot.services.BidListServiceImpl ===  Query to find BidList with id 162
2021-11-13 15:17:44.333  === [http-nio-8080-exec-7] === INFO  === com.nnk.springboot.services.BidListServiceImpl ===  BidList with id 162 is updated as BidList(BidListId=162, account=account, type=type, bidQuantity=100.0)
2021-11-13 15:17:58.191  === [http-nio-8080-exec-10] === INFO  === com.nnk.springboot.services.BidListServiceImpl ===  Query to find BidList with id 162
2021-11-13 15:17:58.209  === [http-nio-8080-exec-10] === INFO  === com.nnk.springboot.services.BidListServiceImpl ===  BidList with id 162 is deleted!
2021-11-13 15:18:06.705  === [Thread-8] === INFO  === o.s.scheduling.concurrent.ThreadPoolTaskExecutor ===  Shutting down ExecutorService 'applicationTaskExecutor'
2021-11-13 15:18:06.706  === [Thread-8] === INFO  === o.s.orm.jpa.LocalContainerEntityManagerFactoryBean ===  Closing JPA EntityManagerFactory for persistence unit 'default'
2021-11-13 15:18:06.709  === [Thread-8] === INFO  === com.zaxxer.hikari.HikariDataSource ===  HikariPool-1 - Shutdown initiated...
2021-11-13 15:18:06.714  === [Thread-8] === INFO  === com.zaxxer.hikari.HikariDataSource ===  HikariPool-1 - Shutdown completed.
